running egg_info
writing ../../build/patrol_robot/patrol_robot.egg-info/PKG-INFO
writing dependency_links to ../../build/patrol_robot/patrol_robot.egg-info/dependency_links.txt
writing entry points to ../../build/patrol_robot/patrol_robot.egg-info/entry_points.txt
writing requirements to ../../build/patrol_robot/patrol_robot.egg-info/requires.txt
writing top-level names to ../../build/patrol_robot/patrol_robot.egg-info/top_level.txt
reading manifest file '../../build/patrol_robot/patrol_robot.egg-info/SOURCES.txt'
writing manifest file '../../build/patrol_robot/patrol_robot.egg-info/SOURCES.txt'
running build
running build_py
copying patrol_robot/dashboard_server.py -> /home/ros2/ros2_ws/build/patrol_robot/build/lib/patrol_robot
running install
running install_lib
copying /home/ros2/ros2_ws/build/patrol_robot/build/lib/patrol_robot/dashboard_server.py -> /home/ros2/ros2_ws/install/patrol_robot/lib/python3.10/site-packages/patrol_robot
byte-compiling /home/ros2/ros2_ws/install/patrol_robot/lib/python3.10/site-packages/patrol_robot/dashboard_server.py to dashboard_server.cpython-310.pyc
running install_data
running install_egg_info
removing '/home/ros2/ros2_ws/install/patrol_robot/lib/python3.10/site-packages/patrol_robot-0.0.0-py3.10.egg-info' (and everything under it)
Copying ../../build/patrol_robot/patrol_robot.egg-info to /home/ros2/ros2_ws/install/patrol_robot/lib/python3.10/site-packages/patrol_robot-0.0.0-py3.10.egg-info
running install_scripts
Installing dashboard_server script to /home/ros2/ros2_ws/install/patrol_robot/lib/patrol_robot
Installing patrol_node script to /home/ros2/ros2_ws/install/patrol_robot/lib/patrol_robot
writing list of installed files to '/home/ros2/ros2_ws/build/patrol_robot/install.log'
