[0.991s] Invoking command in '/home/ros2/ros2_ws/src/patrol_robot': PYTHONPATH=/home/ros2/ros2_ws/build/patrol_robot/prefix_override:/usr/lib/python3/dist-packages/colcon_core/task/python/colcon_distutils_commands:/home/ros2/ros2_ws/install/patrol_robot/lib/python3.10/site-packages:${PYTHONPATH} /usr/bin/python3 -W ignore:setup.py install is deprecated -W ignore:easy_install command is deprecated setup.py egg_info --egg-base ../../build/patrol_robot build --build-base /home/ros2/ros2_ws/build/patrol_robot/build install --record /home/ros2/ros2_ws/build/patrol_robot/install.log --install-scripts $base/lib/patrol_robot --single-version-externally-managed install_data
[1.483s] running egg_info
[1.484s] writing ../../build/patrol_robot/patrol_robot.egg-info/PKG-INFO
[1.485s] writing dependency_links to ../../build/patrol_robot/patrol_robot.egg-info/dependency_links.txt
[1.485s] writing entry points to ../../build/patrol_robot/patrol_robot.egg-info/entry_points.txt
[1.485s] writing requirements to ../../build/patrol_robot/patrol_robot.egg-info/requires.txt
[1.486s] writing top-level names to ../../build/patrol_robot/patrol_robot.egg-info/top_level.txt
[1.490s] reading manifest file '../../build/patrol_robot/patrol_robot.egg-info/SOURCES.txt'
[1.490s] writing manifest file '../../build/patrol_robot/patrol_robot.egg-info/SOURCES.txt'
[1.491s] running build
[1.491s] running build_py
[1.493s] copying patrol_robot/dashboard_server.py -> /home/ros2/ros2_ws/build/patrol_robot/build/lib/patrol_robot
[1.494s] running install
[1.495s] running install_lib
[1.496s] copying /home/ros2/ros2_ws/build/patrol_robot/build/lib/patrol_robot/dashboard_server.py -> /home/ros2/ros2_ws/install/patrol_robot/lib/python3.10/site-packages/patrol_robot
[1.497s] byte-compiling /home/ros2/ros2_ws/install/patrol_robot/lib/python3.10/site-packages/patrol_robot/dashboard_server.py to dashboard_server.cpython-310.pyc
[1.501s] running install_data
[1.501s] running install_egg_info
[1.501s] removing '/home/ros2/ros2_ws/install/patrol_robot/lib/python3.10/site-packages/patrol_robot-0.0.0-py3.10.egg-info' (and everything under it)
[1.501s] Copying ../../build/patrol_robot/patrol_robot.egg-info to /home/ros2/ros2_ws/install/patrol_robot/lib/python3.10/site-packages/patrol_robot-0.0.0-py3.10.egg-info
[1.501s] running install_scripts
[1.527s] Installing dashboard_server script to /home/ros2/ros2_ws/install/patrol_robot/lib/patrol_robot
[1.527s] Installing patrol_node script to /home/ros2/ros2_ws/install/patrol_robot/lib/patrol_robot
[1.528s] writing list of installed files to '/home/ros2/ros2_ws/build/patrol_robot/install.log'
[1.564s] Invoked command in '/home/ros2/ros2_ws/src/patrol_robot' returned '0': PYTHONPATH=/home/ros2/ros2_ws/build/patrol_robot/prefix_override:/usr/lib/python3/dist-packages/colcon_core/task/python/colcon_distutils_commands:/home/ros2/ros2_ws/install/patrol_robot/lib/python3.10/site-packages:${PYTHONPATH} /usr/bin/python3 -W ignore:setup.py install is deprecated -W ignore:easy_install command is deprecated setup.py egg_info --egg-base ../../build/patrol_robot build --build-base /home/ros2/ros2_ws/build/patrol_robot/build install --record /home/ros2/ros2_ws/build/patrol_robot/install.log --install-scripts $base/lib/patrol_robot --single-version-externally-managed install_data
